<?xml version="1.0" encoding="UTF-8"?>
<!-- Generated by org.testng.reporters.JUnitReportReporter -->
<testsuite hostname="DESKTOP-4M14A0P" failures="0" tests="1" name="driverFactory.DriverScript" time="37.855" errors="0" timestamp="2022-12-20T09:00:16 IST" skipped="0">
  <testcase classname="driverFactory.DriverScript" name="startTest" time="37.855"/>
  <system-out>
    <![CDATA[No of rows in TCSheet::4   No of rows in TSSheet::10
Login Success::adminflow     http://primusbank.qedgetech.com/adminflow.aspx
Logout Success::
Login Success::adminflow     http://primusbank.qedgetech.com/adminflow.aspx
New Branch with id 41 created Sucessfully
Logout Success::
Login Success::adminflow     http://primusbank.qedgetech.com/adminflow.aspx
Branch updated Sucessfully
Logout Success::]]>
  </system-out>
</testsuite> <!-- driverFactory.DriverScript -->
